#
# There is insufficient memory for the Java Runtime Environment to continue.
# Native memory allocation (malloc) failed to allocate 32744 bytes for Chunk::new
# Possible reasons:
#   The system is out of physical RAM or swap space
#   The process is running with CompressedOops enabled, and the Java Heap may be blocking the growth of the native heap
# Possible solutions:
#   Reduce memory load on the system
#   Increase physical memory or swap space
#   Check if swap backing store is full
#   Decrease Java heap size (-Xmx/-Xms)
#   Decrease number of Java threads
#   Decrease Java thread stack sizes (-Xss)
#   Set larger code cache with -XX:ReservedCodeCacheSize=
#   JVM is running with Unscaled Compressed Oops mode in which the Java heap is
#     placed in the first 4GB address space. The Java Heap base address is the
#     maximum limit for the native heap growth. Please use -XX:HeapBaseMinAddress
#     to set the Java Heap base and to place the Java Heap above 4GB virtual address.
# This output file may be truncated or incomplete.
#
#  Out of Memory Error (arena.cpp:184), pid=12956, tid=1096
#
# JRE version: Java(TM) SE Runtime Environment (18.0.1.1+2) (build 18.0.1.1+2-6)
# Java VM: Java HotSpot(TM) 64-Bit Server VM (18.0.1.1+2-6, mixed mode, sharing, tiered, compressed oops, compressed class ptrs, g1 gc, windows-amd64)
# No core dump will be written. Minidumps are not enabled by default on client versions of Windows
#

---------------  S U M M A R Y ------------

Command Line: -Dfile.encoding=UTF-8 --module-path=C:\Users\Gerardo\eclipse-workspace\AH5\bin;C:\Users\Gerardo\eclipse-workspace\AH5\Librerias\json-simple-1.1.1.jar;C:\Users\Gerardo\eclipse-workspace\AH5\Librerias\gson-2.8.5.jar;C:\Users\Gerardo\eclipse-workspace\AH5\Librerias\itextpdf-5.4.0.jar -XX:+ShowCodeDetailsInExceptionMessages -Djdk.module.main=AH5 AH5/Proyecto.Ventas

Host: AMD Ryzen 5 3500U with Radeon Vega Mobile Gfx  , 8 cores, 6G,  Windows 11 , 64 bit Build 22000 (10.0.22000.675)
Time: Thu Jun  9 22:41:34 2022 Hora estándar, América Central elapsed time: 2035.836260 seconds (0d 0h 33m 55s)

---------------  T H R E A D  ---------------

Current thread (0x000001e67d2b0e10):  JavaThread "C2 CompilerThread0" daemon [_thread_in_native, id=1096, stack(0x0000005b0ea00000,0x0000005b0eb00000)]


Current CompileTask:
C2:2035836 1669       4       java.util.HashMap$HashIterator::nextNode (100 bytes)

Stack: [0x0000005b0ea00000,0x0000005b0eb00000]
Native frames: (J=compiled Java code, j=interpreted, Vv=VM code, C=native code)
V  [jvm.dll+0x69887a]
V  [jvm.dll+0x7f38bd]
V  [jvm.dll+0x7f51ce]
V  [jvm.dll+0x7f5883]
V  [jvm.dll+0x25ca3f]
V  [jvm.dll+0xb8c2f]
V  [jvm.dll+0xb8fa5]
V  [jvm.dll+0x6c192a]
V  [jvm.dll+0x1d2a74]
V  [jvm.dll+0x22fd79]
V  [jvm.dll+0x22eff1]
V  [jvm.dll+0x1b9cfc]
V  [jvm.dll+0x23e8ca]
V  [jvm.dll+0x23cbb5]
V  [jvm.dll+0x7a5fb1]
V  [jvm.dll+0x7a03ea]
V  [jvm.dll+0x697725]
C  [ucrtbase.dll+0x26c0c]
C  [KERNEL32.DLL+0x154e0]
C  [ntdll.dll+0x485b]


---------------  P R O C E S S  ---------------

Threads class SMR info:
_java_thread_list=0x000001e67d52f410, length=17, elements={
0x000001e67d280fa0, 0x000001e67d2823a0, 0x000001e67d29d8e0, 0x000001e67d29e190,
0x000001e67d29f5f0, 0x000001e67d2a6ad0, 0x000001e67d2b0e10, 0x000001e67d2b1f10,
0x000001e67d2bd780, 0x000001e67d2a5790, 0x000001e67d2a4920, 0x000001e67d2a52c0,
0x000001e67d2a5c60, 0x000001e67d2a6130, 0x000001e67d2a6600, 0x000001e67d2a4450,
0x000001e67ea8fd50
}

Java Threads: ( => current thread )
  0x000001e67d280fa0 JavaThread "Reference Handler" daemon [_thread_blocked, id=19072, stack(0x0000005b0e400000,0x0000005b0e500000)]
  0x000001e67d2823a0 JavaThread "Finalizer" daemon [_thread_blocked, id=1928, stack(0x0000005b0e500000,0x0000005b0e600000)]
  0x000001e67d29d8e0 JavaThread "Signal Dispatcher" daemon [_thread_blocked, id=20660, stack(0x0000005b0e600000,0x0000005b0e700000)]
  0x000001e67d29e190 JavaThread "Attach Listener" daemon [_thread_blocked, id=9116, stack(0x0000005b0e700000,0x0000005b0e800000)]
  0x000001e67d29f5f0 JavaThread "Service Thread" daemon [_thread_blocked, id=13384, stack(0x0000005b0e800000,0x0000005b0e900000)]
  0x000001e67d2a6ad0 JavaThread "Monitor Deflation Thread" daemon [_thread_blocked, id=9172, stack(0x0000005b0e900000,0x0000005b0ea00000)]
=>0x000001e67d2b0e10 JavaThread "C2 CompilerThread0" daemon [_thread_in_native, id=1096, stack(0x0000005b0ea00000,0x0000005b0eb00000)]
  0x000001e67d2b1f10 JavaThread "C1 CompilerThread0" daemon [_thread_blocked, id=16152, stack(0x0000005b0eb00000,0x0000005b0ec00000)]
  0x000001e67d2bd780 JavaThread "Sweeper thread" daemon [_thread_blocked, id=15684, stack(0x0000005b0ec00000,0x0000005b0ed00000)]
  0x000001e67d2a5790 JavaThread "Common-Cleaner" daemon [_thread_blocked, id=14088, stack(0x0000005b0ed00000,0x0000005b0ee00000)]
  0x000001e67d2a4920 JavaThread "Notification Thread" daemon [_thread_blocked, id=4456, stack(0x0000005b0ef00000,0x0000005b0f000000)]
  0x000001e67d2a52c0 JavaThread "Java2D Disposer" daemon [_thread_blocked, id=1280, stack(0x0000005b0f100000,0x0000005b0f200000)]
  0x000001e67d2a5c60 JavaThread "AWT-Shutdown" [_thread_blocked, id=8184, stack(0x0000005b0f200000,0x0000005b0f300000)]
  0x000001e67d2a6130 JavaThread "AWT-Windows" daemon [_thread_in_native, id=14272, stack(0x0000005b0f300000,0x0000005b0f400000)]
  0x000001e67d2a6600 JavaThread "AWT-EventQueue-0" [_thread_blocked, id=13192, stack(0x0000005b0fb00000,0x0000005b0fc00000)]
  0x000001e67d2a4450 JavaThread "D3D Screen Updater" daemon [_thread_blocked, id=5852, stack(0x0000005b0fc00000,0x0000005b0fd00000)]
  0x000001e67ea8fd50 JavaThread "DestroyJavaVM" [_thread_blocked, id=21244, stack(0x0000005b0dd00000,0x0000005b0de00000)]

Other Threads:
  0x000001e65db10ab0 VMThread "VM Thread" [stack: 0x0000005b0e300000,0x0000005b0e400000] [id=292]
  0x000001e67d642580 WatcherThread "VM Periodic Task Thread" [stack: 0x0000005b0f000000,0x0000005b0f100000] [id=12156]
  0x000001e65daf9c60 WorkerThread "GC Thread#0" [stack: 0x0000005b0de00000,0x0000005b0df00000] [id=21368]
  0x000001e67d842920 WorkerThread "GC Thread#1" [stack: 0x0000005b0db00000,0x0000005b0dc00000] [id=17212]
  0x000001e67ea9f3f0 WorkerThread "GC Thread#2" [stack: 0x0000005b0dc00000,0x0000005b0dd00000] [id=15016]
  0x000001e67ea9f690 WorkerThread "GC Thread#3" [stack: 0x0000005b0f400000,0x0000005b0f500000] [id=17684]
  0x000001e67d618500 WorkerThread "GC Thread#4" [stack: 0x0000005b0f500000,0x0000005b0f600000] [id=9876]
  0x000001e67d6187a0 WorkerThread "GC Thread#5" [stack: 0x0000005b0fd00000,0x0000005b0fe00000] [id=17352]
  0x000001e67d736030 WorkerThread "GC Thread#6" [stack: 0x0000005b0fe00000,0x0000005b0ff00000] [id=18748]
  0x000001e67d83d370 WorkerThread "GC Thread#7" [stack: 0x0000005b0ff00000,0x0000005b10000000] [id=21356]
  0x000001e65db09130 ConcurrentGCThread "G1 Main Marker" [stack: 0x0000005b0df00000,0x0000005b0e000000] [id=3000]
  0x000001e65db09b20 WorkerThread "G1 Conc#0" [stack: 0x0000005b0e000000,0x0000005b0e100000] [id=12784]
  0x000001e65db54cd0 ConcurrentGCThread "G1 Refine#0" [stack: 0x0000005b0e100000,0x0000005b0e200000] [id=5792]
  0x000001e65db555e0 ConcurrentGCThread "G1 Service" [stack: 0x0000005b0e200000,0x0000005b0e300000] [id=21336]

Threads with active compile tasks:
C2 CompilerThread0  2035877 1669       4       java.util.HashMap$HashIterator::nextNode (100 bytes)

VM state: not at safepoint (normal execution)

VM Mutex/Monitor currently owned by a thread: None

Heap address: 0x0000000091000000, size: 1776 MB, Compressed Oops mode: 32-bit

CDS archive(s) mapped at: [0x0000000800000000-0x0000000800ba0000-0x0000000800ba0000), size 12189696, SharedBaseAddress: 0x0000000800000000, ArchiveRelocationMode: 0.
Compressed class space mapped at: 0x0000000800c00000-0x0000000840c00000, reserved size: 1073741824
Narrow klass base: 0x0000000800000000, Narrow klass shift: 0, Narrow klass range: 0x100000000

GC Precious Log:
 CardTable entry size: 512
 Card Set container configuration: InlinePtr #cards 5 size 8 Array Of Cards #cards 12 size 40 Howl #buckets 4 coarsen threshold 1843 Howl Bitmap #cards 512 size 80 coarsen threshold 460 Card regions per heap region 1 cards per card region 2048
 CPUs: 8 total, 8 available
 Memory: 7103M
 Large Page Support: Disabled
 NUMA Support: Disabled
 Compressed Oops: Enabled (32-bit)
 Heap Region Size: 1M
 Heap Min Capacity: 8M
 Heap Initial Capacity: 112M
 Heap Max Capacity: 1776M
 Pre-touch: Disabled
 Parallel Workers: 8
 Concurrent Workers: 2
 Concurrent Refinement Workers: 8
 Periodic GC: Disabled

Heap:
 garbage-first heap   total 114688K, used 8512K [0x0000000091000000, 0x0000000100000000)
  region size 1024K, 4 young (4096K), 3 survivors (3072K)
 Metaspace       used 9118K, committed 9280K, reserved 1114112K
  class space    used 956K, committed 1024K, reserved 1048576K

Heap Regions: E=young(eden), S=young(survivor), O=old, HS=humongous(starts), HC=humongous(continues), CS=collection set, F=free, OA=open archive, CA=closed archive, TAMS=top-at-mark-start (previous, next)
|   0|0x0000000091000000, 0x0000000091100000, 0x0000000091100000|100%|HS|  |TAMS 0x0000000091000000, 0x0000000091000000| Complete 
|   1|0x0000000091100000, 0x0000000091200000, 0x0000000091200000|100%|HC|  |TAMS 0x0000000091100000, 0x0000000091100000| Complete 
|   2|0x0000000091200000, 0x0000000091300000, 0x0000000091300000|100%|HC|  |TAMS 0x0000000091200000, 0x0000000091200000| Complete 
|   3|0x0000000091300000, 0x0000000091400000, 0x0000000091400000|100%|HC|  |TAMS 0x0000000091300000, 0x0000000091300000| Complete 
|   4|0x0000000091400000, 0x0000000091500000, 0x0000000091500000|100%| O|  |TAMS 0x0000000091400000, 0x0000000091400000| Untracked 
|   5|0x0000000091500000, 0x0000000091550000, 0x0000000091600000| 31%| O|  |TAMS 0x0000000091500000, 0x0000000091500000| Untracked 
|   6|0x0000000091600000, 0x0000000091600000, 0x0000000091700000|  0%| F|  |TAMS 0x0000000091600000, 0x0000000091600000| Untracked 
|   7|0x0000000091700000, 0x0000000091700000, 0x0000000091800000|  0%| F|  |TAMS 0x0000000091700000, 0x0000000091700000| Untracked 
|   8|0x0000000091800000, 0x0000000091800000, 0x0000000091900000|  0%| F|  |TAMS 0x0000000091800000, 0x0000000091800000| Untracked 
|   9|0x0000000091900000, 0x0000000091900000, 0x0000000091a00000|  0%| F|  |TAMS 0x0000000091900000, 0x0000000091900000| Untracked 
|  10|0x0000000091a00000, 0x0000000091a00000, 0x0000000091b00000|  0%| F|  |TAMS 0x0000000091a00000, 0x0000000091a00000| Untracked 
|  11|0x0000000091b00000, 0x0000000091b00000, 0x0000000091c00000|  0%| F|  |TAMS 0x0000000091b00000, 0x0000000091b00000| Untracked 
|  12|0x0000000091c00000, 0x0000000091c00000, 0x0000000091d00000|  0%| F|  |TAMS 0x0000000091c00000, 0x0000000091c00000| Untracked 
|  13|0x0000000091d00000, 0x0000000091d00000, 0x0000000091e00000|  0%| F|  |TAMS 0x0000000091d00000, 0x0000000091d00000| Untracked 
|  14|0x0000000091e00000, 0x0000000091e00000, 0x0000000091f00000|  0%| F|  |TAMS 0x0000000091e00000, 0x0000000091e00000| Untracked 
|  15|0x0000000091f00000, 0x0000000091f00000, 0x0000000092000000|  0%| F|  |TAMS 0x0000000091f00000, 0x0000000091f00000| Untracked 
|  16|0x0000000092000000, 0x0000000092000000, 0x0000000092100000|  0%| F|  |TAMS 0x0000000092000000, 0x0000000092000000| Untracked 
|  17|0x0000000092100000, 0x0000000092100000, 0x0000000092200000|  0%| F|  |TAMS 0x0000000092100000, 0x0000000092100000| Untracked 
|  18|0x0000000092200000, 0x0000000092200000, 0x0000000092300000|  0%| F|  |TAMS 0x0000000092200000, 0x0000000092200000| Untracked 
|  19|0x0000000092300000, 0x0000000092300000, 0x0000000092400000|  0%| F|  |TAMS 0x0000000092300000, 0x0000000092300000| Untracked 
|  20|0x0000000092400000, 0x0000000092400000, 0x0000000092500000|  0%| F|  |TAMS 0x0000000092400000, 0x0000000092400000| Untracked 
|  21|0x0000000092500000, 0x0000000092500000, 0x0000000092600000|  0%| F|  |TAMS 0x0000000092500000, 0x0000000092500000| Untracked 
|  22|0x0000000092600000, 0x0000000092600000, 0x0000000092700000|  0%| F|  |TAMS 0x0000000092600000, 0x0000000092600000| Untracked 
|  23|0x0000000092700000, 0x0000000092700000, 0x0000000092800000|  0%| F|  |TAMS 0x0000000092700000, 0x0000000092700000| Untracked 
|  24|0x0000000092800000, 0x0000000092800000, 0x0000000092900000|  0%| F|  |TAMS 0x0000000092800000, 0x0000000092800000| Untracked 
|  25|0x0000000092900000, 0x0000000092900000, 0x0000000092a00000|  0%| F|  |TAMS 0x0000000092900000, 0x0000000092900000| Untracked 
|  26|0x0000000092a00000, 0x0000000092a00000, 0x0000000092b00000|  0%| F|  |TAMS 0x0000000092a00000, 0x0000000092a00000| Untracked 
|  27|0x0000000092b00000, 0x0000000092b00000, 0x0000000092c00000|  0%| F|  |TAMS 0x0000000092b00000, 0x0000000092b00000| Untracked 
|  28|0x0000000092c00000, 0x0000000092c00000, 0x0000000092d00000|  0%| F|  |TAMS 0x0000000092c00000, 0x0000000092c00000| Untracked 
|  29|0x0000000092d00000, 0x0000000092d00000, 0x0000000092e00000|  0%| F|  |TAMS 0x0000000092d00000, 0x0000000092d00000| Untracked 
|  30|0x0000000092e00000, 0x0000000092e00000, 0x0000000092f00000|  0%| F|  |TAMS 0x0000000092e00000, 0x0000000092e00000| Untracked 
|  31|0x0000000092f00000, 0x0000000092f00000, 0x0000000093000000|  0%| F|  |TAMS 0x0000000092f00000, 0x0000000092f00000| Untracked 
|  32|0x0000000093000000, 0x0000000093000000, 0x0000000093100000|  0%| F|  |TAMS 0x0000000093000000, 0x0000000093000000| Untracked 
|  33|0x0000000093100000, 0x0000000093100000, 0x0000000093200000|  0%| F|  |TAMS 0x0000000093100000, 0x0000000093100000| Untracked 
|  34|0x0000000093200000, 0x0000000093200000, 0x0000000093300000|  0%| F|  |TAMS 0x0000000093200000, 0x0000000093200000| Untracked 
|  35|0x0000000093300000, 0x0000000093300000, 0x0000000093400000|  0%| F|  |TAMS 0x0000000093300000, 0x0000000093300000| Untracked 
|  36|0x0000000093400000, 0x0000000093400000, 0x0000000093500000|  0%| F|  |TAMS 0x0000000093400000, 0x0000000093400000| Untracked 
|  37|0x0000000093500000, 0x0000000093500000, 0x0000000093600000|  0%| F|  |TAMS 0x0000000093500000, 0x0000000093500000| Untracked 
|  38|0x0000000093600000, 0x0000000093600000, 0x0000000093700000|  0%| F|  |TAMS 0x0000000093600000, 0x0000000093600000| Untracked 
|  39|0x0000000093700000, 0x0000000093700000, 0x0000000093800000|  0%| F|  |TAMS 0x0000000093700000, 0x0000000093700000| Untracked 
|  40|0x0000000093800000, 0x0000000093800000, 0x0000000093900000|  0%| F|  |TAMS 0x0000000093800000, 0x0000000093800000| Untracked 
|  41|0x0000000093900000, 0x0000000093900000, 0x0000000093a00000|  0%| F|  |TAMS 0x0000000093900000, 0x0000000093900000| Untracked 
|  42|0x0000000093a00000, 0x0000000093a00000, 0x0000000093b00000|  0%| F|  |TAMS 0x0000000093a00000, 0x0000000093a00000| Untracked 
|  43|0x0000000093b00000, 0x0000000093b00000, 0x0000000093c00000|  0%| F|  |TAMS 0x0000000093b00000, 0x0000000093b00000| Untracked 
|  44|0x0000000093c00000, 0x0000000093c00000, 0x0000000093d00000|  0%| F|  |TAMS 0x0000000093c00000, 0x0000000093c00000| Untracked 
|  45|0x0000000093d00000, 0x0000000093d00000, 0x0000000093e00000|  0%| F|  |TAMS 0x0000000093d00000, 0x0000000093d00000| Untracked 
|  46|0x0000000093e00000, 0x0000000093e00000, 0x0000000093f00000|  0%| F|  |TAMS 0x0000000093e00000, 0x0000000093e00000| Untracked 
|  47|0x0000000093f00000, 0x0000000093f00000, 0x0000000094000000|  0%| F|  |TAMS 0x0000000093f00000, 0x0000000093f00000| Untracked 
|  48|0x0000000094000000, 0x0000000094000000, 0x0000000094100000|  0%| F|  |TAMS 0x0000000094000000, 0x0000000094000000| Untracked 
|  49|0x0000000094100000, 0x0000000094100000, 0x0000000094200000|  0%| F|  |TAMS 0x0000000094100000, 0x0000000094100000| Untracked 
|  50|0x0000000094200000, 0x0000000094200000, 0x0000000094300000|  0%| F|  |TAMS 0x0000000094200000, 0x0000000094200000| Untracked 
|  51|0x0000000094300000, 0x0000000094300000, 0x0000000094400000|  0%| F|  |TAMS 0x0000000094300000, 0x0000000094300000| Untracked 
|  52|0x0000000094400000, 0x0000000094400000, 0x0000000094500000|  0%| F|  |TAMS 0x0000000094400000, 0x0000000094400000| Untracked 
|  53|0x0000000094500000, 0x0000000094500000, 0x0000000094600000|  0%| F|  |TAMS 0x0000000094500000, 0x0000000094500000| Untracked 
|  54|0x0000000094600000, 0x0000000094600000, 0x0000000094700000|  0%| F|  |TAMS 0x0000000094600000, 0x0000000094600000| Untracked 
|  55|0x0000000094700000, 0x0000000094700000, 0x0000000094800000|  0%| F|  |TAMS 0x0000000094700000, 0x0000000094700000| Untracked 
|  56|0x0000000094800000, 0x0000000094800000, 0x0000000094900000|  0%| F|  |TAMS 0x0000000094800000, 0x0000000094800000| Untracked 
|  57|0x0000000094900000, 0x0000000094900000, 0x0000000094a00000|  0%| F|  |TAMS 0x0000000094900000, 0x0000000094900000| Untracked 
|  58|0x0000000094a00000, 0x0000000094a00000, 0x0000000094b00000|  0%| F|  |TAMS 0x0000000094a00000, 0x0000000094a00000| Untracked 
|  59|0x0000000094b00000, 0x0000000094b00000, 0x0000000094c00000|  0%| F|  |TAMS 0x0000000094b00000, 0x0000000094b00000| Untracked 
|  60|0x0000000094c00000, 0x0000000094c00000, 0x0000000094d00000|  0%| F|  |TAMS 0x0000000094c00000, 0x0000000094c00000| Untracked 
|  61|0x0000000094d00000, 0x0000000094d00000, 0x0000000094e00000|  0%| F|  |TAMS 0x0000000094d00000, 0x0000000094d00000| Untracked 
|  62|0x0000000094e00000, 0x0000000094e00000, 0x0000000094f00000|  0%| F|  |TAMS 0x0000000094e00000, 0x0000000094e00000| Untracked 
|  63|0x0000000094f00000, 0x0000000094f00000, 0x0000000095000000|  0%| F|  |TAMS 0x0000000094f00000, 0x0000000094f00000| Untracked 
|  64|0x0000000095000000, 0x0000000095000000, 0x0000000095100000|  0%| F|  |TAMS 0x0000000095000000, 0x0000000095000000| Untracked 
|  65|0x0000000095100000, 0x0000000095100000, 0x0000000095200000|  0%| F|  |TAMS 0x0000000095100000, 0x0000000095100000| Untracked 
|  66|0x0000000095200000, 0x0000000095200000, 0x0000000095300000|  0%| F|  |TAMS 0x0000000095200000, 0x0000000095200000| Untracked 
|  67|0x0000000095300000, 0x0000000095300000, 0x0000000095400000|  0%| F|  |TAMS 0x0000000095300000, 0x0000000095300000| Untracked 
|  68|0x0000000095400000, 0x0000000095400000, 0x0000000095500000|  0%| F|  |TAMS 0x0000000095400000, 0x0000000095400000| Untracked 
|  69|0x0000000095500000, 0x0000000095500000, 0x0000000095600000|  0%| F|  |TAMS 0x0000000095500000, 0x0000000095500000| Untracked 
|  70|0x0000000095600000, 0x0000000095600000, 0x0000000095700000|  0%| F|  |TAMS 0x0000000095600000, 0x0000000095600000| Untracked 
|  71|0x0000000095700000, 0x0000000095700000, 0x0000000095800000|  0%| F|  |TAMS 0x0000000095700000, 0x0000000095700000| Untracked 
|  72|0x0000000095800000, 0x0000000095800000, 0x0000000095900000|  0%| F|  |TAMS 0x0000000095800000, 0x0000000095800000| Untracked 
|  73|0x0000000095900000, 0x0000000095900000, 0x0000000095a00000|  0%| F|  |TAMS 0x0000000095900000, 0x0000000095900000| Untracked 
|  74|0x0000000095a00000, 0x0000000095a00000, 0x0000000095b00000|  0%| F|  |TAMS 0x0000000095a00000, 0x0000000095a00000| Untracked 
|  75|0x0000000095b00000, 0x0000000095b00000, 0x0000000095c00000|  0%| F|  |TAMS 0x0000000095b00000, 0x0000000095b00000| Untracked 
|  76|0x0000000095c00000, 0x0000000095c00000, 0x0000000095d00000|  0%| F|  |TAMS 0x0000000095c00000, 0x0000000095c00000| Untracked 
|  77|0x0000000095d00000, 0x0000000095d00000, 0x0000000095e00000|  0%| F|  |TAMS 0x0000000095d00000, 0x0000000095d00000| Untracked 
|  78|0x0000000095e00000, 0x0000000095e00000, 0x0000000095f00000|  0%| F|  |TAMS 0x0000000095e00000, 0x0000000095e00000| Untracked 
|  79|0x0000000095f00000, 0x0000000095f00000, 0x0000000096000000|  0%| F|  |TAMS 0x0000000095f00000, 0x0000000095f00000| Untracked 
|  80|0x0000000096000000, 0x0000000096000000, 0x0000000096100000|  0%| F|  |TAMS 0x0000000096000000, 0x0000000096000000| Untracked 
|  81|0x0000000096100000, 0x0000000096100000, 0x0000000096200000|  0%| F|  |TAMS 0x0000000096100000, 0x0000000096100000| Untracked 
|  82|0x0000000096200000, 0x0000000096200000, 0x0000000096300000|  0%| F|  |TAMS 0x0000000096200000, 0x0000000096200000| Untracked 
|  83|0x0000000096300000, 0x0000000096300000, 0x0000000096400000|  0%| F|  |TAMS 0x0000000096300000, 0x0000000096300000| Untracked 
|  84|0x0000000096400000, 0x0000000096400000, 0x0000000096500000|  0%| F|  |TAMS 0x0000000096400000, 0x0000000096400000| Untracked 
|  85|0x0000000096500000, 0x0000000096500000, 0x0000000096600000|  0%| F|  |TAMS 0x0000000096500000, 0x0000000096500000| Untracked 
|  86|0x0000000096600000, 0x0000000096700000, 0x0000000096700000|100%| S|CS|TAMS 0x0000000096600000, 0x0000000096600000| Complete 
|  87|0x0000000096700000, 0x0000000096800000, 0x0000000096800000|100%| S|CS|TAMS 0x0000000096700000, 0x0000000096700000| Complete 
|  88|0x0000000096800000, 0x0000000096900000, 0x0000000096900000|100%| S|CS|TAMS 0x0000000096800000, 0x0000000096800000| Complete 
|  89|0x0000000096900000, 0x0000000096900000, 0x0000000096a00000|  0%| F|  |TAMS 0x0000000096900000, 0x0000000096900000| Untracked 
|  90|0x0000000096a00000, 0x0000000096a00000, 0x0000000096b00000|  0%| F|  |TAMS 0x0000000096a00000, 0x0000000096a00000| Untracked 
|  91|0x0000000096b00000, 0x0000000096b00000, 0x0000000096c00000|  0%| F|  |TAMS 0x0000000096b00000, 0x0000000096b00000| Untracked 
|  92|0x0000000096c00000, 0x0000000096c00000, 0x0000000096d00000|  0%| F|  |TAMS 0x0000000096c00000, 0x0000000096c00000| Untracked 
|  93|0x0000000096d00000, 0x0000000096d00000, 0x0000000096e00000|  0%| F|  |TAMS 0x0000000096d00000, 0x0000000096d00000| Untracked 
|  94|0x0000000096e00000, 0x0000000096e00000, 0x0000000096f00000|  0%| F|  |TAMS 0x0000000096e00000, 0x0000000096e00000| Untracked 
|  95|0x0000000096f00000, 0x0000000096f00000, 0x0000000097000000|  0%| F|  |TAMS 0x0000000096f00000, 0x0000000096f00000| Untracked 
|  96|0x0000000097000000, 0x0000000097000000, 0x0000000097100000|  0%| F|  |TAMS 0x0000000097000000, 0x0000000097000000| Untracked 
|  97|0x0000000097100000, 0x0000000097100000, 0x0000000097200000|  0%| F|  |TAMS 0x0000000097100000, 0x0000000097100000| Untracked 
|  98|0x0000000097200000, 0x0000000097200000, 0x0000000097300000|  0%| F|  |TAMS 0x0000000097200000, 0x0000000097200000| Untracked 
|  99|0x0000000097300000, 0x0000000097300000, 0x0000000097400000|  0%| F|  |TAMS 0x0000000097300000, 0x0000000097300000| Untracked 
| 100|0x0000000097400000, 0x0000000097400000, 0x0000000097500000|  0%| F|  |TAMS 0x0000000097400000, 0x0000000097400000| Untracked 
| 101|0x0000000097500000, 0x0000000097500000, 0x0000000097600000|  0%| F|  |TAMS 0x0000000097500000, 0x0000000097500000| Untracked 
| 102|0x0000000097600000, 0x0000000097600000, 0x0000000097700000|  0%| F|  |TAMS 0x0000000097600000, 0x0000000097600000| Untracked 
| 103|0x0000000097700000, 0x0000000097700000, 0x0000000097800000|  0%| F|  |TAMS 0x0000000097700000, 0x0000000097700000| Untracked 
| 104|0x0000000097800000, 0x0000000097800000, 0x0000000097900000|  0%| F|  |TAMS 0x0000000097800000, 0x0000000097800000| Untracked 
| 105|0x0000000097900000, 0x0000000097900000, 0x0000000097a00000|  0%| F|  |TAMS 0x0000000097900000, 0x0000000097900000| Untracked 
| 106|0x0000000097a00000, 0x0000000097a00000, 0x0000000097b00000|  0%| F|  |TAMS 0x0000000097a00000, 0x0000000097a00000| Untracked 
| 107|0x0000000097b00000, 0x0000000097b00000, 0x0000000097c00000|  0%| F|  |TAMS 0x0000000097b00000, 0x0000000097b00000| Untracked 
| 108|0x0000000097c00000, 0x0000000097c00000, 0x0000000097d00000|  0%| F|  |TAMS 0x0000000097c00000, 0x0000000097c00000| Untracked 
| 109|0x0000000097d00000, 0x0000000097d00000, 0x0000000097e00000|  0%| F|  |TAMS 0x0000000097d00000, 0x0000000097d00000| Untracked 
| 110|0x0000000097e00000, 0x0000000097e00000, 0x0000000097f00000|  0%| F|  |TAMS 0x0000000097e00000, 0x0000000097e00000| Untracked 
| 111|0x0000000097f00000, 0x0000000098000000, 0x0000000098000000|100%| E|  |TAMS 0x0000000097f00000, 0x0000000097f00000| Complete 

Card table byte_map: [0x000001e6769c0000,0x000001e676d40000] _byte_map_base: 0x000001e676538000

Marking Bits (Prev, Next): (CMBitMap*) 0x000001e65dafa260, (CMBitMap*) 0x000001e65dafa2a0
 Prev Bits: [0x000001e6770c0000, 0x000001e678c80000)
 Next Bits: [0x000001e678c80000, 0x000001e67a840000)

Polling page: 0x000001e65db70000

Metaspace:

Usage:
  Non-class:      7.97 MB used.
      Class:    956.38 KB used.
       Both:      8.90 MB used.

Virtual space:
  Non-class space:       64.00 MB reserved,       8.06 MB ( 13%) committed,  1 nodes.
      Class space:        1.00 GB reserved,       1.00 MB ( <1%) committed,  1 nodes.
             Both:        1.06 GB reserved,       9.06 MB ( <1%) committed. 

Chunk freelists:
   Non-Class:  3.00 MB
       Class:  3.03 MB
        Both:  6.03 MB

MaxMetaspaceSize: unlimited
CompressedClassSpaceSize: 1.00 GB
Initial GC threshold: 21.00 MB
Current GC threshold: 21.00 MB
CDS: on
MetaspaceReclaimPolicy: balanced
 - commit_granule_bytes: 65536.
 - commit_granule_words: 8192.
 - virtual_space_node_default_size: 8388608.
 - enlarge_chunks_in_place: 1.
 - new_chunks_are_fully_committed: 0.
 - uncommit_free_chunks: 1.
 - use_allocation_guard: 0.


Internal statistics:

num_allocs_failed_limit: 0.
num_arena_births: 122.
num_arena_deaths: 0.
num_vsnodes_births: 2.
num_vsnodes_deaths: 0.
num_space_committed: 145.
num_space_uncommitted: 0.
num_chunks_returned_to_freelist: 0.
num_chunks_taken_from_freelist: 182.
num_chunk_merges: 0.
num_chunk_splits: 97.
num_chunks_enlarged: 34.
num_inconsistent_stats: 0.

CodeHeap 'non-profiled nmethods': size=120000Kb used=560Kb max_used=560Kb free=119439Kb
 bounds [0x000001e66e6a0000, 0x000001e66e910000, 0x000001e675bd0000]
CodeHeap 'profiled nmethods': size=120000Kb used=2890Kb max_used=2890Kb free=117109Kb
 bounds [0x000001e667170000, 0x000001e667450000, 0x000001e66e6a0000]
CodeHeap 'non-nmethods': size=5760Kb used=1303Kb max_used=1337Kb free=4456Kb
 bounds [0x000001e666bd0000, 0x000001e666e40000, 0x000001e667170000]
 total_blobs=2298 nmethods=1670 adapters=541
 compilation: enabled
              stopped_count=0, restarted_count=0
 full_count=0

Compilation events (20 events):
Event: 2035.796 Thread 0x000001e67d2b1f10 nmethod 1661 0x000001e66743dc10 code [0x000001e66743dde0, 0x000001e66743e318]
Event: 2035.796 Thread 0x000001e67d2b1f10 1662   !   3       java.lang.ref.ReferenceQueue::remove (125 bytes)
Event: 2035.797 Thread 0x000001e67d2b1f10 nmethod 1662 0x000001e66743e410 code [0x000001e66743e620, 0x000001e66743edb8]
Event: 2035.797 Thread 0x000001e67d2b1f10 1664       3       sun.awt.image.SunWritableRaster::stealTrackable (10 bytes)
Event: 2035.797 Thread 0x000001e67d2b1f10 nmethod 1664 0x000001e66743f110 code [0x000001e66743f2c0, 0x000001e66743f478]
Event: 2035.797 Thread 0x000001e67d2b1f10 1663   !   3       jdk.internal.ref.PhantomCleanable::isListEmpty (34 bytes)
Event: 2035.797 Thread 0x000001e67d2b1f10 nmethod 1663 0x000001e66743f590 code [0x000001e66743f720, 0x000001e66743f978]
Event: 2035.798 Thread 0x000001e67d2b1f10 1665       3       java.lang.Boolean::valueOf (14 bytes)
Event: 2035.798 Thread 0x000001e67d2b1f10 nmethod 1665 0x000001e66743fa90 code [0x000001e66743fc20, 0x000001e66743fd98]
Event: 2035.798 Thread 0x000001e67d2b1f10 1666       3       java.awt.image.SinglePixelPackedSampleModel::<init> (243 bytes)
Event: 2035.800 Thread 0x000001e67d2b1f10 nmethod 1666 0x000001e66743fe10 code [0x000001e6674400a0, 0x000001e667440f18]
Event: 2035.800 Thread 0x000001e67d2b1f10 1667       3       java.security.AccessController::doPrivileged (9 bytes)
Event: 2035.800 Thread 0x000001e67d2b1f10 nmethod 1667 0x000001e667441490 code [0x000001e667441660, 0x000001e667441998]
Event: 2035.823 Thread 0x000001e67d2b1f10 1668       3       java.util.HashMap::<init> (8 bytes)
Event: 2035.823 Thread 0x000001e67d2b1f10 nmethod 1668 0x000001e667441b10 code [0x000001e667441ce0, 0x000001e667441e28]
Event: 2035.823 Thread 0x000001e67d2b0e10 1669       4       java.util.HashMap$HashIterator::nextNode (100 bytes)
Event: 2035.826 Thread 0x000001e67d2b1f10 1671       3       java.beans.PropertyChangeSupport::fire (39 bytes)
Event: 2035.826 Thread 0x000001e67d2b1f10 nmethod 1671 0x000001e667441f10 code [0x000001e6674420c0, 0x000001e667442388]
Event: 2035.826 Thread 0x000001e67d2b1f10 1670  s    3       java.beans.ChangeListenerMap::get (25 bytes)
Event: 2035.827 Thread 0x000001e67d2b1f10 nmethod 1670 0x000001e667442510 code [0x000001e6674426c0, 0x000001e667442aa8]

GC Heap History (2 events):
Event: 2035.748 GC heap before
{Heap before GC invocations=0 (full 0):
 garbage-first heap   total 114688K, used 27648K [0x0000000091000000, 0x0000000100000000)
  region size 1024K, 23 young (23552K), 0 survivors (0K)
 Metaspace       used 9108K, committed 9280K, reserved 1114112K
  class space    used 955K, committed 1024K, reserved 1048576K
}
Event: 2035.792 GC heap after
{Heap after GC invocations=1 (full 0):
 garbage-first heap   total 114688K, used 8512K [0x0000000091000000, 0x0000000100000000)
  region size 1024K, 3 young (3072K), 3 survivors (3072K)
 Metaspace       used 9108K, committed 9280K, reserved 1114112K
  class space    used 955K, committed 1024K, reserved 1048576K
}

Deoptimization events (20 events):
Event: 94.193 Thread 0x000001e67d2a6600 Uncommon trap: trap_request=0xffffffc6 fr.pc=0x000001e66e706400 relative=0x00000000000002c0
Event: 94.193 Thread 0x000001e67d2a6600 Uncommon trap: reason=bimorphic_or_optimized_type_check action=maybe_recompile pc=0x000001e66e706400 method=java.util.concurrent.ConcurrentHashMap.get(Ljava/lang/Object;)Ljava/lang/Object; @ 149 c2
Event: 94.193 Thread 0x000001e67d2a6600 DEOPT PACKING pc=0x000001e66e706400 sp=0x0000005b0fbfd220
Event: 94.193 Thread 0x000001e67d2a6600 DEOPT UNPACKING pc=0x000001e666c223a3 sp=0x0000005b0fbfd190 mode 2
Event: 94.227 Thread 0x000001e67d2a6600 Uncommon trap: trap_request=0xffffffc6 fr.pc=0x000001e66e706400 relative=0x00000000000002c0
Event: 94.227 Thread 0x000001e67d2a6600 Uncommon trap: reason=bimorphic_or_optimized_type_check action=maybe_recompile pc=0x000001e66e706400 method=java.util.concurrent.ConcurrentHashMap.get(Ljava/lang/Object;)Ljava/lang/Object; @ 149 c2
Event: 94.227 Thread 0x000001e67d2a6600 DEOPT PACKING pc=0x000001e66e706400 sp=0x0000005b0fbfd220
Event: 94.227 Thread 0x000001e67d2a6600 DEOPT UNPACKING pc=0x000001e666c223a3 sp=0x0000005b0fbfd190 mode 2
Event: 441.334 Thread 0x000001e67d2a4450 Uncommon trap: trap_request=0xffffffcc fr.pc=0x000001e66e726ee4 relative=0x0000000000000244
Event: 441.334 Thread 0x000001e67d2a4450 Uncommon trap: reason=intrinsic_or_type_checked_inlining action=make_not_entrant pc=0x000001e66e726ee4 method=java.util.Arrays.copyOf([Ljava/lang/Object;ILjava/lang/Class;)[Ljava/lang/Object; @ 35 c2
Event: 441.334 Thread 0x000001e67d2a4450 DEOPT PACKING pc=0x000001e66e726ee4 sp=0x0000005b0fcff480
Event: 441.334 Thread 0x000001e67d2a4450 DEOPT UNPACKING pc=0x000001e666c223a3 sp=0x0000005b0fcff410 mode 2
Event: 550.000 Thread 0x000001e67d2a4450 Uncommon trap: trap_request=0xffffffdc fr.pc=0x000001e66e727f44 relative=0x00000000000001a4
Event: 550.000 Thread 0x000001e67d2a4450 Uncommon trap: reason=class_check action=make_not_entrant pc=0x000001e66e727f44 method=java.util.ArrayList.toArray([Ljava/lang/Object;)[Ljava/lang/Object; @ 21 c2
Event: 550.000 Thread 0x000001e67d2a4450 DEOPT PACKING pc=0x000001e66e727f44 sp=0x0000005b0fcff4e0
Event: 550.000 Thread 0x000001e67d2a4450 DEOPT UNPACKING pc=0x000001e666c223a3 sp=0x0000005b0fcff4a0 mode 2
Event: 2035.816 Thread 0x000001e67d2a4450 Uncommon trap: trap_request=0xffffffcc fr.pc=0x000001e66e7288f0 relative=0x0000000000000350
Event: 2035.816 Thread 0x000001e67d2a4450 Uncommon trap: reason=intrinsic_or_type_checked_inlining action=make_not_entrant pc=0x000001e66e7288f0 method=java.util.ArrayList.toArray([Ljava/lang/Object;)[Ljava/lang/Object; @ 36 c2
Event: 2035.816 Thread 0x000001e67d2a4450 DEOPT PACKING pc=0x000001e66e7288f0 sp=0x0000005b0fcff4b0
Event: 2035.816 Thread 0x000001e67d2a4450 DEOPT UNPACKING pc=0x000001e666c223a3 sp=0x0000005b0fcff490 mode 2

Classes loaded (20 events):
Event: 2035.735 Loading class java/awt/image/RenderedImage
Event: 2035.735 Loading class java/awt/image/RenderedImage done
Event: 2035.735 Loading class java/awt/image/WritableRenderedImage done
Event: 2035.735 Loading class java/awt/image/BufferedImage done
Event: 2035.735 Loading class java/awt/image/BufferedImage$1
Event: 2035.735 Loading class java/awt/image/BufferedImage$1 done
Event: 2035.736 Loading class sun/awt/image/BufImgSurfaceData
Event: 2035.736 Loading class sun/awt/image/BufImgSurfaceData done
Event: 2035.736 Loading class sun/awt/image/BufImgSurfaceData$ICMColorData
Event: 2035.736 Loading class sun/awt/image/BufImgSurfaceData$ICMColorData done
Event: 2035.736 Loading class sun/java2d/loops/RenderLoops
Event: 2035.737 Loading class sun/java2d/loops/RenderLoops done
Event: 2035.738 Loading class sun/java2d/loops/DrawGlyphListColor
Event: 2035.738 Loading class sun/java2d/loops/DrawGlyphListColor done
Event: 2035.739 Loading class sun/java2d/loops/DrawGlyphListColor$General
Event: 2035.739 Loading class sun/java2d/loops/DrawGlyphListColor$General done
Event: 2035.739 Loading class sun/java2d/loops/Blit$GeneralMaskBlit
Event: 2035.739 Loading class sun/java2d/loops/Blit$GeneralMaskBlit done
Event: 2035.798 Loading class javax/swing/RepaintManager$DisplayChangedRunnable
Event: 2035.799 Loading class javax/swing/RepaintManager$DisplayChangedRunnable done

Classes unloaded (0 events):
No events

Classes redefined (0 events):
No events

Internal exceptions (20 events):
Event: 0.241 Thread 0x000001e65daa04a0 Exception <a 'sun/nio/fs/WindowsException'{0x0000000097c253e0}> (0x0000000097c253e0) 
thrown [s\open\src\hotspot\share\prims\jni.cpp, line 516]
Event: 0.246 Thread 0x000001e65daa04a0 Exception <a 'java/lang/ClassNotFoundException'{0x0000000097c31c90}: sun/awt/resources/spi/awtProvider> (0x0000000097c31c90) 
thrown [s\open\src\hotspot\share\classfile\systemDictionary.cpp, line 255]
Event: 0.280 Thread 0x000001e65daa04a0 Exception <a 'java/io/FileNotFoundException'{0x0000000097cf97f0}> (0x0000000097cf97f0) 
thrown [s\open\src\hotspot\share\prims\jni.cpp, line 516]
Event: 0.292 Thread 0x000001e65daa04a0 Exception <a 'java/io/FileNotFoundException'{0x0000000097b26df0}> (0x0000000097b26df0) 
thrown [s\open\src\hotspot\share\prims\jni.cpp, line 516]
Event: 0.346 Thread 0x000001e65daa04a0 Exception <a 'java/lang/NoSuchMethodError'{0x0000000097b61930}: 'java.lang.Object java.lang.invoke.DirectMethodHandle$Holder.invokeStaticInit(java.lang.Object)'> (0x0000000097b61930) 
thrown [s\open\src\hotspot\share\interpreter\linkResolver.cpp, line 766]
Event: 0.503 Thread 0x000001e65daa04a0 Exception <a 'java/lang/NoSuchMethodError'{0x0000000097a20d70}: 'void java.lang.invoke.DirectMethodHandle$Holder.invokeSpecial(java.lang.Object, java.lang.Object, java.lang.Object)'> (0x0000000097a20d70) 
thrown [s\open\src\hotspot\share\interpreter\linkResolver.cpp, line 766]
Event: 0.520 Thread 0x000001e65daa04a0 Exception <a 'java/lang/NoSuchMethodError'{0x0000000097a4c2b8}: 'java.lang.Object java.lang.invoke.DirectMethodHandle$Holder.newInvokeSpecial(java.lang.Object, java.lang.Object, java.lang.Object, java.lang.Object, java.lang.Object)'> (0x0000000097a4c2b8) 
thrown [s\open\src\hotspot\share\interpreter\linkResolver.cpp, line 766]
Event: 0.534 Thread 0x000001e65daa04a0 Exception <a 'java/lang/NoSuchMethodError'{0x0000000097a7e068}: 'java.lang.Object java.lang.invoke.DirectMethodHandle$Holder.invokeStatic(java.lang.Object, int, java.lang.Object)'> (0x0000000097a7e068) 
thrown [s\open\src\hotspot\share\interpreter\linkResolver.cpp, line 766]
Event: 0.596 Thread 0x000001e65daa04a0 Exception <a 'java/lang/ClassNotFoundException'{0x000000009793a510}: com/sun/swing/internal/plaf/metal/resources/spi/metalProvider> (0x000000009793a510) 
thrown [s\open\src\hotspot\share\classfile\systemDictionary.cpp, line 255]
Event: 0.597 Thread 0x000001e65daa04a0 Exception <a 'java/lang/ClassNotFoundException'{0x000000009793e548}: com/sun/swing/internal/plaf/basic/resources/spi/basicProvider> (0x000000009793e548) 
thrown [s\open\src\hotspot\share\classfile\systemDictionary.cpp, line 255]
Event: 0.610 Thread 0x000001e65daa04a0 Implicit null exception at 0x000001e66e6c83d8 to 0x000001e66e6c846e
Event: 0.616 Thread 0x000001e65daa04a0 Exception <a 'java/lang/NoSuchMethodError'{0x000000009795e948}: 'int java.lang.invoke.Invokers$Holder.invokeExact_MT(java.lang.Object, java.lang.Object)'> (0x000000009795e948) 
thrown [s\open\src\hotspot\share\interpreter\linkResolver.cpp, line 766]
Event: 0.626 Thread 0x000001e65daa04a0 Implicit null exception at 0x000001e66e6b408f to 0x000001e66e6b4109
Event: 0.676 Thread 0x000001e65daa04a0 Exception <a 'java/lang/NoSuchMethodError'{0x0000000097805f28}: 'void java.lang.invoke.DirectMethodHandle$Holder.invokeStaticInit(java.lang.Object)'> (0x0000000097805f28) 
thrown [s\open\src\hotspot\share\interpreter\linkResolver.cpp, line 766]
Event: 0.722 Thread 0x000001e65daa04a0 Exception <a 'sun/nio/fs/WindowsException'{0x000000009785b4a0}> (0x000000009785b4a0) 
thrown [s\open\src\hotspot\share\prims\jni.cpp, line 516]
Event: 3.218 Thread 0x000001e67d2a6600 Exception <a 'java/io/FileNotFoundException'{0x0000000097686880}> (0x0000000097686880) 
thrown [s\open\src\hotspot\share\prims\jni.cpp, line 516]
Event: 3.271 Thread 0x000001e67d2a6600 Exception <a 'java/io/FileNotFoundException'{0x00000000976fb1b0}> (0x00000000976fb1b0) 
thrown [s\open\src\hotspot\share\prims\jni.cpp, line 516]
Event: 3.324 Thread 0x000001e67d2a6600 Exception <a 'java/io/FileNotFoundException'{0x00000000975b4ad8}> (0x00000000975b4ad8) 
thrown [s\open\src\hotspot\share\prims\jni.cpp, line 516]
Event: 3.335 Thread 0x000001e67d2a6600 Exception <a 'java/io/FileNotFoundException'{0x0000000097428350}> (0x0000000097428350) 
thrown [s\open\src\hotspot\share\prims\jni.cpp, line 516]
Event: 3.799 Thread 0x000001e67d2a6600 Implicit null exception at 0x000001e66e6f3aec to 0x000001e66e6f7e58

VM Operations (20 events):
Event: 8.845 Executing VM operation: Cleanup
Event: 8.845 Executing VM operation: Cleanup done
Event: 39.146 Executing VM operation: Cleanup
Event: 39.146 Executing VM operation: Cleanup done
Event: 40.147 Executing VM operation: Cleanup
Event: 40.147 Executing VM operation: Cleanup done
Event: 94.663 Executing VM operation: Cleanup
Event: 94.663 Executing VM operation: Cleanup done
Event: 95.670 Executing VM operation: Cleanup
Event: 95.670 Executing VM operation: Cleanup done
Event: 96.671 Executing VM operation: Cleanup
Event: 96.672 Executing VM operation: Cleanup done
Event: 114.858 Executing VM operation: Cleanup
Event: 114.858 Executing VM operation: Cleanup done
Event: 115.868 Executing VM operation: Cleanup
Event: 115.868 Executing VM operation: Cleanup done
Event: 118.895 Executing VM operation: Cleanup
Event: 118.895 Executing VM operation: Cleanup done
Event: 2035.748 Executing VM operation: G1CollectForAllocation
Event: 2035.793 Executing VM operation: G1CollectForAllocation done

Events (20 events):
Event: 0.080 Thread 0x000001e67d2a5790 Thread added: 0x000001e67d2a5790
Event: 0.090 Loaded shared library C:\Program Files\Java\jdk-18.0.1.1\bin\net.dll
Event: 0.094 Loaded shared library C:\Program Files\Java\jdk-18.0.1.1\bin\nio.dll
Event: 0.157 Loaded shared library C:\Program Files\Java\jdk-18.0.1.1\bin\zip.dll
Event: 0.192 Thread 0x000001e67d538a50 Thread added: 0x000001e67d538a50
Event: 0.219 Thread 0x000001e67d2a4920 Thread added: 0x000001e67d2a4920
Event: 0.234 Loaded shared library C:\Program Files\Java\jdk-18.0.1.1\bin\jimage.dll
Event: 0.259 Loaded shared library C:\Program Files\Java\jdk-18.0.1.1\bin\awt.dll
Event: 0.347 Thread 0x000001e67d2a52c0 Thread added: 0x000001e67d2a52c0
Event: 0.349 Thread 0x000001e67d2a5c60 Thread added: 0x000001e67d2a5c60
Event: 0.351 Thread 0x000001e67d2a6130 Thread added: 0x000001e67d2a6130
Event: 0.401 Thread 0x000001e67d538a50 Thread exited: 0x000001e67d538a50
Event: 0.644 Thread 0x000001e67d2a6600 Thread added: 0x000001e67d2a6600
Event: 0.683 Loaded shared library C:\Program Files\Java\jdk-18.0.1.1\bin\freetype.dll
Event: 0.685 Loaded shared library C:\Program Files\Java\jdk-18.0.1.1\bin\fontmanager.dll
Event: 0.773 Thread 0x000001e67d2a4450 Thread added: 0x000001e67d2a4450
Event: 0.916 Thread 0x000001e65daa04a0 Thread exited: 0x000001e65daa04a0
Event: 0.916 Thread 0x000001e67ea8fd50 Thread added: 0x000001e67ea8fd50
Event: 3.799 Thread 0x000001e67eb8e5e0 Thread added: 0x000001e67eb8e5e0
Event: 4.292 Thread 0x000001e67eb8e5e0 Thread exited: 0x000001e67eb8e5e0


Dynamic libraries:
0x00007ff6107f0000 - 0x00007ff610800000 	C:\Program Files\Java\jdk-18.0.1.1\bin\javaw.exe
0x00007ffea67a0000 - 0x00007ffea69a9000 	C:\WINDOWS\SYSTEM32\ntdll.dll
0x00007ffea6240000 - 0x00007ffea62fd000 	C:\WINDOWS\System32\KERNEL32.DLL
0x00007ffea3e40000 - 0x00007ffea41b9000 	C:\WINDOWS\System32\KERNELBASE.dll
0x00007ffea43b0000 - 0x00007ffea44c1000 	C:\WINDOWS\System32\ucrtbase.dll
0x00007ffe9e490000 - 0x00007ffe9e4a8000 	C:\Program Files\Java\jdk-18.0.1.1\bin\jli.dll
0x00007ffe9e4e0000 - 0x00007ffe9e4fa000 	C:\Program Files\Java\jdk-18.0.1.1\bin\VCRUNTIME140.dll
0x00007ffea5710000 - 0x00007ffea57be000 	C:\WINDOWS\System32\ADVAPI32.dll
0x00007ffea4bd0000 - 0x00007ffea4c73000 	C:\WINDOWS\System32\msvcrt.dll
0x00007ffea6680000 - 0x00007ffea671e000 	C:\WINDOWS\System32\sechost.dll
0x00007ffea57d0000 - 0x00007ffea58f0000 	C:\WINDOWS\System32\RPCRT4.dll
0x00007ffea5550000 - 0x00007ffea56fc000 	C:\WINDOWS\System32\USER32.dll
0x00007ffe8e0e0000 - 0x00007ffe8e385000 	C:\WINDOWS\WinSxS\amd64_microsoft.windows.common-controls_6595b64144ccf1df_6.0.22000.120_none_9d947278b86cc467\COMCTL32.dll
0x00007ffea4260000 - 0x00007ffea4286000 	C:\WINDOWS\System32\win32u.dll
0x00007ffea4fc0000 - 0x00007ffea4fe9000 	C:\WINDOWS\System32\GDI32.dll
0x00007ffea4290000 - 0x00007ffea43a2000 	C:\WINDOWS\System32\gdi32full.dll
0x00007ffea41c0000 - 0x00007ffea425d000 	C:\WINDOWS\System32\msvcp_win.dll
0x00007ffe9bcb0000 - 0x00007ffe9bcba000 	C:\WINDOWS\SYSTEM32\VERSION.dll
0x00007ffea6720000 - 0x00007ffea6751000 	C:\WINDOWS\System32\IMM32.DLL
0x00007ffe9e7c0000 - 0x00007ffe9e7cc000 	C:\Program Files\Java\jdk-18.0.1.1\bin\vcruntime140_1.dll
0x00007ffe993a0000 - 0x00007ffe9942d000 	C:\Program Files\Java\jdk-18.0.1.1\bin\msvcp140.dll
0x00007ffe46580000 - 0x00007ffe47190000 	C:\Program Files\Java\jdk-18.0.1.1\bin\server\jvm.dll
0x00007ffea4a40000 - 0x00007ffea4a48000 	C:\WINDOWS\System32\PSAPI.DLL
0x00007ffe9bee0000 - 0x00007ffe9bee9000 	C:\WINDOWS\SYSTEM32\WSOCK32.dll
0x00007ffea11f0000 - 0x00007ffea1223000 	C:\WINDOWS\SYSTEM32\WINMM.dll
0x00007ffea4640000 - 0x00007ffea46af000 	C:\WINDOWS\System32\WS2_32.dll
0x00007ffea2d90000 - 0x00007ffea2da8000 	C:\WINDOWS\SYSTEM32\kernel.appcore.dll
0x00007ffe9e480000 - 0x00007ffe9e48a000 	C:\Program Files\Java\jdk-18.0.1.1\bin\jimage.dll
0x00007ffea1350000 - 0x00007ffea1571000 	C:\WINDOWS\SYSTEM32\DBGHELP.DLL
0x00007ffe9d1d0000 - 0x00007ffe9d201000 	C:\WINDOWS\SYSTEM32\dbgcore.DLL
0x00007ffea3c90000 - 0x00007ffea3d0f000 	C:\WINDOWS\System32\bcryptPrimitives.dll
0x00007ffe9d260000 - 0x00007ffe9d285000 	C:\Program Files\Java\jdk-18.0.1.1\bin\java.dll
0x00007ffe8c790000 - 0x00007ffe8c866000 	C:\Program Files\Java\jdk-18.0.1.1\bin\jsvml.dll
0x00007ffea5a00000 - 0x00007ffea61af000 	C:\WINDOWS\System32\SHELL32.dll
0x00007ffea1e00000 - 0x00007ffea2668000 	C:\WINDOWS\SYSTEM32\windows.storage.dll
0x00007ffea6300000 - 0x00007ffea6678000 	C:\WINDOWS\System32\combase.dll
0x00007ffea1c90000 - 0x00007ffea1df6000 	C:\WINDOWS\SYSTEM32\wintypes.dll
0x00007ffea4d10000 - 0x00007ffea4dfa000 	C:\WINDOWS\System32\SHCORE.dll
0x00007ffea46b0000 - 0x00007ffea470d000 	C:\WINDOWS\System32\shlwapi.dll
0x00007ffea3bc0000 - 0x00007ffea3be1000 	C:\WINDOWS\SYSTEM32\profapi.dll
0x00007ffe9bfe0000 - 0x00007ffe9bff3000 	C:\Program Files\Java\jdk-18.0.1.1\bin\net.dll
0x00007ffe9e170000 - 0x00007ffe9e27c000 	C:\WINDOWS\SYSTEM32\WINHTTP.dll
0x00007ffea31c0000 - 0x00007ffea3227000 	C:\WINDOWS\system32\mswsock.dll
0x00007ffe99380000 - 0x00007ffe99396000 	C:\Program Files\Java\jdk-18.0.1.1\bin\nio.dll
0x00007ffe99320000 - 0x00007ffe99338000 	C:\Program Files\Java\jdk-18.0.1.1\bin\zip.dll
0x00007ffe84fa0000 - 0x00007ffe8512f000 	C:\Program Files\Java\jdk-18.0.1.1\bin\awt.dll
0x00007ffea48b0000 - 0x00007ffea4986000 	C:\WINDOWS\System32\OLEAUT32.dll
0x00007ffe9fc70000 - 0x00007ffe9fd01000 	C:\WINDOWS\SYSTEM32\apphelp.dll
0x00007ffea0230000 - 0x00007ffea025f000 	C:\WINDOWS\system32\DWMAPI.DLL
0x00007ffe9fff0000 - 0x00007ffea009c000 	C:\WINDOWS\system32\uxtheme.dll
0x00007ffe83ce0000 - 0x00007ffe83de1000 	C:\WINDOWS\system32\opengl32.dll
0x00007ffe8bcd0000 - 0x00007ffe8bcfd000 	C:\WINDOWS\SYSTEM32\GLU32.dll
0x00007ffea05b0000 - 0x00007ffea05e8000 	C:\WINDOWS\SYSTEM32\dxcore.dll
0x00007ffea4ab0000 - 0x00007ffea4bce000 	C:\WINDOWS\System32\MSCTF.dll
0x00007ffea4710000 - 0x00007ffea48aa000 	C:\WINDOWS\System32\ole32.dll
0x00007ffe6c5e0000 - 0x00007ffe6c786000 	C:\WINDOWS\system32\d3d9.dll
0x00007ffe89c50000 - 0x00007ffe89e2d000 	C:\WINDOWS\System32\DriverStore\FileRepository\u0355756.inf_amd64_5146fc3a012e7afa\B354291\aticfx64.dll
0x00007ffe788b0000 - 0x00007ffe788e0000 	C:\WINDOWS\System32\DriverStore\FileRepository\u0355756.inf_amd64_5146fc3a012e7afa\B354291\atiu9p64.dll
0x00007ffe66aa0000 - 0x00007ffe6776b000 	C:\WINDOWS\System32\DriverStore\FileRepository\u0355756.inf_amd64_5146fc3a012e7afa\B354291\atiumd64.dll
0x000000005dd60000 - 0x000000005eae3000 	C:\WINDOWS\System32\DriverStore\FileRepository\u0355756.inf_amd64_5146fc3a012e7afa\B354291\atiumd6a.dll
0x00007ffea3b60000 - 0x00007ffea3bad000 	C:\WINDOWS\SYSTEM32\POWRPROF.dll
0x00007ffea3b40000 - 0x00007ffea3b53000 	C:\WINDOWS\SYSTEM32\UMPDC.dll
0x00007ffe8cd60000 - 0x00007ffe8cda4000 	C:\WINDOWS\SYSTEM32\directxdatabasehelper.dll
0x00007ffea00f0000 - 0x00007ffea0124000 	C:\WINDOWS\SYSTEM32\ntmarta.dll
0x00007ffe83c50000 - 0x00007ffe83cd9000 	C:\Program Files\Java\jdk-18.0.1.1\bin\freetype.dll
0x00007ffe836f0000 - 0x00007ffe83798000 	C:\Program Files\Java\jdk-18.0.1.1\bin\fontmanager.dll
0x00007ffe98410000 - 0x00007ffe9853d000 	C:\WINDOWS\SYSTEM32\textinputframework.dll
0x00007ffe9f980000 - 0x00007ffe9fab2000 	C:\WINDOWS\SYSTEM32\CoreMessaging.dll
0x00007ffe8a9e0000 - 0x00007ffe8ad4d000 	C:\WINDOWS\SYSTEM32\CoreUIComponents.dll
0x00007ffea3420000 - 0x00007ffea342c000 	C:\WINDOWS\SYSTEM32\CRYPTBASE.DLL
0x00007ffea4990000 - 0x00007ffea4a3f000 	C:\WINDOWS\System32\clbcatq.dll
0x00007ffe9fe40000 - 0x00007ffe9ffee000 	C:\WINDOWS\SYSTEM32\WindowsCodecs.dll
0x00007ffe8b710000 - 0x00007ffe8b76d000 	C:\WINDOWS\system32\dataexchange.dll
0x00007ffe90380000 - 0x00007ffe905e6000 	C:\WINDOWS\system32\twinapi.appcore.dll

dbghelp: loaded successfully - version: 4.0.5 - missing functions: none
symbol engine: initialized successfully - sym options: 0x614 - pdb path: .;C:\Program Files\Java\jdk-18.0.1.1\bin;C:\WINDOWS\SYSTEM32;C:\WINDOWS\WinSxS\amd64_microsoft.windows.common-controls_6595b64144ccf1df_6.0.22000.120_none_9d947278b86cc467;C:\Program Files\Java\jdk-18.0.1.1\bin\server;C:\WINDOWS\System32\DriverStore\FileRepository\u0355756.inf_amd64_5146fc3a012e7afa\B354291

VM Arguments:
jvm_args: -Dfile.encoding=UTF-8 --module-path=C:\Users\Gerardo\eclipse-workspace\AH5\bin;C:\Users\Gerardo\eclipse-workspace\AH5\Librerias\json-simple-1.1.1.jar;C:\Users\Gerardo\eclipse-workspace\AH5\Librerias\gson-2.8.5.jar;C:\Users\Gerardo\eclipse-workspace\AH5\Librerias\itextpdf-5.4.0.jar -XX:+ShowCodeDetailsInExceptionMessages -Djdk.module.main=AH5 
java_command: AH5/Proyecto.Ventas
java_class_path (initial): <not set>
Launcher Type: SUN_STANDARD

[Global flags]
     intx CICompilerCount                          = 4                                         {product} {ergonomic}
     uint ConcGCThreads                            = 2                                         {product} {ergonomic}
     uint G1ConcRefinementThreads                  = 8                                         {product} {ergonomic}
   size_t G1HeapRegionSize                         = 1048576                                   {product} {ergonomic}
    uintx GCDrainStackTargetSize                   = 64                                        {product} {ergonomic}
   size_t InitialHeapSize                          = 117440512                                 {product} {ergonomic}
   size_t MarkStackSize                            = 4194304                                   {product} {ergonomic}
   size_t MaxHeapSize                              = 1862270976                                {product} {ergonomic}
   size_t MaxNewSize                               = 1116733440                                {product} {ergonomic}
   size_t MinHeapDeltaBytes                        = 1048576                                   {product} {ergonomic}
   size_t MinHeapSize                              = 8388608                                   {product} {ergonomic}
    uintx NonNMethodCodeHeapSize                   = 5839372                                {pd product} {ergonomic}
    uintx NonProfiledCodeHeapSize                  = 122909434                              {pd product} {ergonomic}
    uintx ProfiledCodeHeapSize                     = 122909434                              {pd product} {ergonomic}
    uintx ReservedCodeCacheSize                    = 251658240                              {pd product} {ergonomic}
     bool SegmentedCodeCache                       = true                                      {product} {ergonomic}
     bool ShowCodeDetailsInExceptionMessages       = true                                   {manageable} {command line}
   size_t SoftMaxHeapSize                          = 1862270976                             {manageable} {ergonomic}
     bool UseCompressedClassPointers               = true                           {product lp64_product} {ergonomic}
     bool UseCompressedOops                        = true                           {product lp64_product} {ergonomic}
     bool UseG1GC                                  = true                                      {product} {ergonomic}
     bool UseLargePagesIndividualAllocation        = false                                  {pd product} {ergonomic}

Logging:
Log output configuration:
 #0: stdout all=warning uptime,level,tags foldmultilines=false
 #1: stderr all=off uptime,level,tags foldmultilines=false

Environment Variables:
PATH=C:\Program Files\Common Files\Oracle\Java\javapath;C:\WINDOWS\system32;C:\WINDOWS;C:\WINDOWS\System32\Wbem;C:\WINDOWS\System32\WindowsPowerShell\v1.0\;C:\WINDOWS\System32\OpenSSH\;C:\Users\Gerardo\AppData\Local\Microsoft\WindowsApps;
USERNAME=Gerardo
OS=Windows_NT
PROCESSOR_IDENTIFIER=AMD64 Family 23 Model 24 Stepping 1, AuthenticAMD



---------------  S Y S T E M  ---------------

OS:
 Windows 11 , 64 bit Build 22000 (10.0.22000.675)
OS uptime: 26 days 7:47 hours

CPU: total 8 (initial active 8) (8 cores per cpu, 2 threads per core) family 23 model 24 stepping 1 microcode 0x0, cx8, cmov, fxsr, ht, mmx, 3dnowpref, sse, sse2, sse3, ssse3, sse4a, sse4.1, sse4.2, popcnt, lzcnt, tsc, tscinvbit, avx, avx2, aes, clmul, bmi1, bmi2, adx, sha, fma, vzeroupper, clflush, clflushopt

Memory: 4k page, system-wide physical 7103M (459M free)
TotalPageFile size 17343M (AvailPageFile size 11M)
current process WorkingSet (physical memory assigned to process): 103M, peak: 106M
current process commit charge ("private bytes"): 244M, peak: 258M

vm_info: Java HotSpot(TM) 64-Bit Server VM (18.0.1.1+2-6) for windows-amd64 JRE (18.0.1.1+2-6), built on Apr 25 2022 21:53:15 by "mach5one" with MS VC++ 16.8 / 16.9 (VS2019)

END.
